Using pre-set license
Built from '2020.3/staging' branch; Version is '2020.3.25f1 (9b9180224418) revision 10195328'; Using compiler version '192528614'; Build Type 'Release'
OS: 'Windows 11  (10.0.22000) 64bit CoreSingleLanguage' Language: 'en' Physical Memory: 8029 MB
BatchMode: 1, IsHumanControllingUs: 0, StartBugReporterOnCrash: 0, Is64bit: 1, IsPro: 0

COMMAND LINE ARGUMENTS:
G:\unity\2020.3.25f1\Editor\Unity.exe
-adb2
-batchMode
-noUpm
-name
AssetImportWorker0
-projectPath
G:/Learn Unity/VRlearn/Internship Project
-logFile
Logs/AssetImportWorker0.log
-srvPort
64097
Successfully changed project path to: G:/Learn Unity/VRlearn/Internship Project
G:/Learn Unity/VRlearn/Internship Project
Using Asset Import Pipeline V2.
Refreshing native plugins compatible for Editor in 40.44 ms, found 5 plugins.
Preloading 2 native plugins for Editor in 5.00 ms.
Initialize engine version: 2020.3.25f1 (9b9180224418)
[Subsystems] Discovering subsystems at path G:/unity/2020.3.25f1/Editor/Data/Resources/UnitySubsystems
[Subsystems] Discovering subsystems at path G:/Learn Unity/VRlearn/Internship Project/Assets
GfxDevice: creating device client; threaded=0
Direct3D:
    Version:  Direct3D 11.0 [level 11.1]
    Renderer: NVIDIA GeForce GTX 1650 Ti (ID=0x1f95)
    Vendor:   
    VRAM:     3962 MB
    Driver:   30.0.15.1278
Initialize mono
Mono path[0] = 'G:/unity/2020.3.25f1/Editor/Data/Managed'
Mono path[1] = 'G:/unity/2020.3.25f1/Editor/Data/MonoBleedingEdge/lib/mono/unityjit'
Mono config path = 'G:/unity/2020.3.25f1/Editor/Data/MonoBleedingEdge/etc'
Using monoOptions --debugger-agent=transport=dt_socket,embedding=1,server=y,suspend=n,address=127.0.0.1:56024
Begin MonoManager ReloadAssembly
Registering precompiled unity dll's ...
Register platform support module: G:/unity/2020.3.25f1/Editor/Data/PlaybackEngines/WebGLSupport/UnityEditor.WebGL.Extensions.dll
Register platform support module: G:/unity/2020.3.25f1/Editor/Data/PlaybackEngines/WindowsStandaloneSupport/UnityEditor.WindowsStandalone.Extensions.dll
Registered in 0.001082 seconds.
Native extension for WindowsStandalone target not found
Native extension for WebGL target not found
Refreshing native plugins compatible for Editor in 37.81 ms, found 5 plugins.
Preloading 2 native plugins for Editor in 0.07 ms.
Mono: successfully reloaded assembly
- Completed reload, in  0.516 seconds
Domain Reload Profiling:
	ReloadAssembly (516ms)
		BeginReloadAssembly (51ms)
			ExecutionOrderSort (0ms)
			DisableScriptedObjects (0ms)
			BackupInstance (0ms)
			ReleaseScriptingObjects (0ms)
			CreateAndSetChildDomain (1ms)
		EndReloadAssembly (405ms)
			LoadAssemblies (51ms)
			RebuildTransferFunctionScriptingTraits (0ms)
			SetupTypeCache (134ms)
			ReleaseScriptCaches (0ms)
			RebuildScriptCaches (28ms)
			SetupLoadedEditorAssemblies (153ms)
				LogAssemblyErrors (0ms)
				InitializePlatformSupportModulesInManaged (4ms)
				SetLoadedEditorAssemblies (0ms)
				RefreshPlugins (38ms)
				BeforeProcessingInitializeOnLoad (10ms)
				ProcessInitializeOnLoadAttributes (70ms)
				ProcessInitializeOnLoadMethodAttributes (30ms)
				AfterProcessingInitializeOnLoad (0ms)
				EditorAssembliesLoaded (0ms)
			ExecutionOrderSort2 (0ms)
			AwakeInstancesAfterBackupRestoration (0ms)
Platform modules already initialized, skipping
Registering precompiled user dll's ...
Registered in 0.009383 seconds.
Begin MonoManager ReloadAssembly
Native extension for WindowsStandalone target not found
Native extension for WebGL target not found
Refreshing native plugins compatible for Editor in 0.63 ms, found 5 plugins.
Preloading 2 native plugins for Editor in 0.05 ms.
System.NullReferenceException: Object reference not set to an instance of an object
  at Vuforia.EditorClasses.ExtensionTypeProvider.GetVuforiaPackageAbsPath () [0x0004a] in <fa936954903d455ab607cdebc0675fa6>:0 
  at Vuforia.EditorClasses.ExtensionTypeProvider.IsPackageManager () [0x00000] in <fa936954903d455ab607cdebc0675fa6>:0 
  at Vuforia.EditorClasses.ExtensionTypeProvider.ResolvePluginType () [0x00009] in <fa936954903d455ab607cdebc0675fa6>:0 
  at Vuforia.EditorClasses.ExtensionTypeProvider.GetPluginType () [0x0000c] in <fa936954903d455ab607cdebc0675fa6>:0 
  at Vuforia.EditorClasses.VuforiaUtilities.IsVuforiaEnabledInPlayerSettings () [0x00000] in <fa936954903d455ab607cdebc0675fa6>:0 
  at VuforiaEnabledObserver..cctor () [0x00000] in <fa936954903d455ab607cdebc0675fa6>:0 
UnityEngine.StackTraceUtility:ExtractStackTrace ()
UnityEngine.DebugLogHandler:LogFormat (UnityEngine.LogType,UnityEngine.Object,string,object[])
UnityEngine.Logger:Log (UnityEngine.LogType,object)
UnityEngine.Debug:LogError (object)
UnityEditor.EditorAssemblies:ProcessInitializeOnLoadAttributes (System.Type[])

System.NullReferenceException: Object reference not set to an instance of an object
  at Vuforia.EditorClasses.ExtensionTypeProvider.GetVuforiaPackageAbsPath () [0x0004a] in <fa936954903d455ab607cdebc0675fa6>:0 
  at Vuforia.EditorClasses.ExtensionTypeProvider.IsPackageManager () [0x00000] in <fa936954903d455ab607cdebc0675fa6>:0 
  at Vuforia.EditorClasses.ExtensionTypeProvider.ResolvePluginType () [0x00009] in <fa936954903d455ab607cdebc0675fa6>:0 
  at Vuforia.EditorClasses.ExtensionTypeProvider.GetPluginType () [0x0000c] in <fa936954903d455ab607cdebc0675fa6>:0 
  at Vuforia.EditorClasses.VuforiaUtilities.IsVuforiaEnabledInPlayerSettings () [0x00000] in <fa936954903d455ab607cdebc0675fa6>:0 
  at Vuforia.EditorClasses.InitializeOnLoadVuforiaTaskRunner..cctor () [0x00015] in <fa936954903d455ab607cdebc0675fa6>:0 
UnityEngine.StackTraceUtility:ExtractStackTrace ()
UnityEngine.DebugLogHandler:LogFormat (UnityEngine.LogType,UnityEngine.Object,string,object[])
UnityEngine.Logger:Log (UnityEngine.LogType,object)
UnityEngine.Debug:LogError (object)
UnityEditor.EditorAssemblies:ProcessInitializeOnLoadAttributes (System.Type[])

Mono: successfully reloaded assembly
- Completed reload, in  1.151 seconds
Domain Reload Profiling:
	ReloadAssembly (1152ms)
		BeginReloadAssembly (126ms)
			ExecutionOrderSort (0ms)
			DisableScriptedObjects (4ms)
			BackupInstance (0ms)
			ReleaseScriptingObjects (0ms)
			CreateAndSetChildDomain (16ms)
		EndReloadAssembly (978ms)
			LoadAssemblies (98ms)
			RebuildTransferFunctionScriptingTraits (0ms)
			SetupTypeCache (413ms)
			ReleaseScriptCaches (0ms)
			RebuildScriptCaches (41ms)
			SetupLoadedEditorAssemblies (315ms)
				LogAssemblyErrors (0ms)
				InitializePlatformSupportModulesInManaged (5ms)
				SetLoadedEditorAssemblies (0ms)
				RefreshPlugins (1ms)
				BeforeProcessingInitializeOnLoad (62ms)
				ProcessInitializeOnLoadAttributes (236ms)
				ProcessInitializeOnLoadMethodAttributes (9ms)
				AfterProcessingInitializeOnLoad (1ms)
				EditorAssembliesLoaded (0ms)
			ExecutionOrderSort2 (0ms)
			AwakeInstancesAfterBackupRestoration (5ms)
Platform modules already initialized, skipping
========================================================================
Worker process is ready to serve import requests
Launched and connected shader compiler UnityShaderCompiler.exe after 0.31 seconds
Refreshing native plugins compatible for Editor in 0.51 ms, found 5 plugins.
Preloading 2 native plugins for Editor in 0.05 ms.
Unloading 1741 Unused Serialized files (Serialized files now loaded: 0)
System memory in use before: 79.8 MB.
System memory in use after: 79.9 MB.

Unloading 49 unused Assets to reduce memory usage. Loaded Objects now: 2453.
Total: 2.641700 ms (FindLiveObjects: 0.151300 ms CreateObjectMapping: 0.067100 ms MarkObjects: 2.300700 ms  DeleteObjects: 0.121700 ms)

AssetImportParameters requested are different than current active one (requested -> active):
  custom:framework-win-MediaFoundation: 216162199b28c13a410421893ffa2e32 -> 
  custom:video-decoder-ogg-theora: a1e56fd34408186e4bbccfd4996cb3dc -> 
  custom:container-muxer-webm: aa71ff27fc2769a1b78a27578f13a17b -> 
  custom:container-demuxer-webm: 4f35f7cbe854078d1ac9338744f61a02 -> 
  custom:container-demuxer-ogg: 62fdf1f143b41e24485cea50d1cbac27 -> 
  custom:video-encoder-webm-vp8: eb34c28f22e8b96e1ab97ce403110664 -> 
  custom:video-codec-MediaFoundation-h265: 746d11721c4dcdbdad8f713fa42b33f4 -> 
  custom:video-decoder-webm-vp8: 9c59270c3fd7afecdb556c50c9e8de78 -> 
  custom:audio-decoder-ogg-vorbis: bf7c407c2cedff20999df2af8eb42d56 -> 
  custom:audio-encoder-webm-vorbis: bf7c407c2cedff20999df2af8eb42d56 -> 
========================================================================
Received Import Request.
  path: Assets/Import/Imported.prefab
  artifactKey: Guid(26c0117d3714cc84c937e821309b5074) Importer(815301076,1909f56bfc062723c751e8b465ee728b)
Start importing Assets/Import/Imported.prefab using Guid(26c0117d3714cc84c937e821309b5074) Importer(815301076,1909f56bfc062723c751e8b465ee728b)  -> (artifact id: '5699567591db735a8060f6ca59a06b1c') in 0.035659 seconds 
  Import took 0.038730 seconds .

========================================================================
Received Import Request.
  Time since last request: 28.727716 seconds.
  path: Packages/com.ptc.vuforia.engine/Vuforia/Materials/DepthMask.mat
  artifactKey: Guid(36b1f386c1720c94889ac11ac9c8c6d1) Importer(815301076,1909f56bfc062723c751e8b465ee728b)
Start importing Packages/com.ptc.vuforia.engine/Vuforia/Materials/DepthMask.mat using Guid(36b1f386c1720c94889ac11ac9c8c6d1) Importer(815301076,1909f56bfc062723c751e8b465ee728b)  -> (artifact id: 'c713c6adc06c0a9c057b01cc2692ab4e') in 0.089028 seconds 
  Import took 0.092831 seconds .

========================================================================
Received Import Request.
  Time since last request: 0.000168 seconds.
  path: Packages/com.ptc.vuforia.engine/Vuforia/Materials/MidAirReference.mat
  artifactKey: Guid(2e9b38b0a13ba442b98571aeeb6f3849) Importer(815301076,1909f56bfc062723c751e8b465ee728b)
Start importing Packages/com.ptc.vuforia.engine/Vuforia/Materials/MidAirReference.mat using Guid(2e9b38b0a13ba442b98571aeeb6f3849) Importer(815301076,1909f56bfc062723c751e8b465ee728b)  -> (artifact id: '69df384ce3e1033e9af5bc175036b175') in 0.029742 seconds 
  Import took 0.032816 seconds .

========================================================================
Received Import Request.
  Time since last request: 0.000150 seconds.
  path: Packages/com.ptc.vuforia.engine/Vuforia/Materials/MidAirIndicator.mat
  artifactKey: Guid(658ef14483bb4437baeced0fce0ae78a) Importer(815301076,1909f56bfc062723c751e8b465ee728b)
Start importing Packages/com.ptc.vuforia.engine/Vuforia/Materials/MidAirIndicator.mat using Guid(658ef14483bb4437baeced0fce0ae78a) Importer(815301076,1909f56bfc062723c751e8b465ee728b)  -> (artifact id: '6a1b74e6a1f5bcfa2327398fb81588b8') in 0.021050 seconds 
  Import took 0.023749 seconds .

========================================================================
Received Import Request.
  Time since last request: 0.000169 seconds.
  path: Packages/com.ptc.vuforia.engine/Vuforia/Materials/OutlineOpaque.mat
  artifactKey: Guid(1d25c0ce72e58124fa2d482e07c9fcd8) Importer(815301076,1909f56bfc062723c751e8b465ee728b)
Start importing Packages/com.ptc.vuforia.engine/Vuforia/Materials/OutlineOpaque.mat using Guid(1d25c0ce72e58124fa2d482e07c9fcd8) Importer(815301076,1909f56bfc062723c751e8b465ee728b)  -> (artifact id: '1d68ba2d3e86789e0513da207dd6fa00') in 0.014077 seconds 
  Import took 0.018376 seconds .

========================================================================
Received Import Request.
  Time since last request: 0.000499 seconds.
  path: Assets/DataFiles/Scene/drive-download-20220815T060131Z-001/Materials/Nordic_Moss.001_normal.mat
  artifactKey: Guid(423b3d189a9112c439a7de72ada02615) Importer(815301076,1909f56bfc062723c751e8b465ee728b)
Start importing Assets/DataFiles/Scene/drive-download-20220815T060131Z-001/Materials/Nordic_Moss.001_normal.mat using Guid(423b3d189a9112c439a7de72ada02615) Importer(815301076,1909f56bfc062723c751e8b465ee728b)  -> (artifact id: 'c0329a90a644b5cb77c3e884398f4207') in 0.016500 seconds 
  Import took 0.020685 seconds .

========================================================================
Received Import Request.
  Time since last request: 0.000256 seconds.
  path: Packages/com.ptc.vuforia.engine/Vuforia/Materials/GroundPlaneIndicator.mat
  artifactKey: Guid(1d214ea2059394d59a1960df0cad1c62) Importer(815301076,1909f56bfc062723c751e8b465ee728b)
Start importing Packages/com.ptc.vuforia.engine/Vuforia/Materials/GroundPlaneIndicator.mat using Guid(1d214ea2059394d59a1960df0cad1c62) Importer(815301076,1909f56bfc062723c751e8b465ee728b)  -> (artifact id: '83e1ed188e656ffa0395d89b9ec61a52') in 0.023388 seconds 
  Import took 0.028080 seconds .

========================================================================
Received Import Request.
  Time since last request: 0.000184 seconds.
  path: Packages/com.ptc.vuforia.engine/Vuforia/Materials/GroundPlaneReference.mat
  artifactKey: Guid(b0fca12d4e61246cfa5f9a6d26e48004) Importer(815301076,1909f56bfc062723c751e8b465ee728b)
Start importing Packages/com.ptc.vuforia.engine/Vuforia/Materials/GroundPlaneReference.mat using Guid(b0fca12d4e61246cfa5f9a6d26e48004) Importer(815301076,1909f56bfc062723c751e8b465ee728b)  -> (artifact id: 'c635c348c4ef8d56ea8b85d1febad7da') in 0.021069 seconds 
  Import took 0.024741 seconds .

========================================================================
Received Import Request.
  Time since last request: 0.000311 seconds.
  path: Packages/com.ptc.vuforia.engine/Vuforia/Materials/GuideView2D.mat
  artifactKey: Guid(ab44b980790e31f4c84c4c91cdab449a) Importer(815301076,1909f56bfc062723c751e8b465ee728b)
Start importing Packages/com.ptc.vuforia.engine/Vuforia/Materials/GuideView2D.mat using Guid(ab44b980790e31f4c84c4c91cdab449a) Importer(815301076,1909f56bfc062723c751e8b465ee728b)  -> (artifact id: 'c2e8afc18a862c63f72f26623a4c0d1a') in 0.009201 seconds 
  Import took 0.012698 seconds .

========================================================================
Received Import Request.
  Time since last request: 0.000302 seconds.
  path: Packages/com.ptc.vuforia.engine/Vuforia/Materials/MeshVisualization.mat
  artifactKey: Guid(1759a6bc3cabc49c188d82d99a770e17) Importer(815301076,1909f56bfc062723c751e8b465ee728b)
Start importing Packages/com.ptc.vuforia.engine/Vuforia/Materials/MeshVisualization.mat using Guid(1759a6bc3cabc49c188d82d99a770e17) Importer(815301076,1909f56bfc062723c751e8b465ee728b)  -> (artifact id: '8a7d8bc933360f3a5a9e760bec692063') in 0.014532 seconds 
  Import took 0.019284 seconds .

========================================================================
Received Import Request.
  Time since last request: 1.101989 seconds.
  path: Packages/com.ptc.vuforia.engine/Vuforia/Materials/StandardCutout.mat
  artifactKey: Guid(a9267223436693a4bb8e35161a24f8ba) Importer(815301076,1909f56bfc062723c751e8b465ee728b)
Start importing Packages/com.ptc.vuforia.engine/Vuforia/Materials/StandardCutout.mat using Guid(a9267223436693a4bb8e35161a24f8ba) Importer(815301076,1909f56bfc062723c751e8b465ee728b)  -> (artifact id: 'd23d119bf374413a8b22b3ea41c7cab0') in 0.195540 seconds 
  Import took 0.199272 seconds .

========================================================================
Received Import Request.
  Time since last request: 0.000223 seconds.
  path: Assets/UniGLTF/UniHumanoid/Scenes/target.mat
  artifactKey: Guid(94b4b45712e88334c9e7c5ecc53c50e6) Importer(815301076,1909f56bfc062723c751e8b465ee728b)
Start importing Assets/UniGLTF/UniHumanoid/Scenes/target.mat using Guid(94b4b45712e88334c9e7c5ecc53c50e6) Importer(815301076,1909f56bfc062723c751e8b465ee728b)  -> (artifact id: '3c524f14b15d34f9ef41cce2866c9198') in 0.008121 seconds 
  Import took 0.011263 seconds .

========================================================================
Received Import Request.
  Time since last request: 0.000233 seconds.
  path: Packages/com.ptc.vuforia.engine/Vuforia/Materials/VirtualButtonPreviewMaterial.mat
  artifactKey: Guid(a88c225b69241164ab829bccf61d8845) Importer(815301076,1909f56bfc062723c751e8b465ee728b)
Start importing Packages/com.ptc.vuforia.engine/Vuforia/Materials/VirtualButtonPreviewMaterial.mat using Guid(a88c225b69241164ab829bccf61d8845) Importer(815301076,1909f56bfc062723c751e8b465ee728b)  -> (artifact id: '15ba1dcee8578d96ea36756321f7fceb') in 0.102236 seconds 
  Import took 0.106282 seconds .

========================================================================
Received Import Request.
  Time since last request: 83.473293 seconds.
  path: Assets/Import/license.txt
  artifactKey: Guid(40eb3e5c56b8407489a07282cf0aac21) Importer(815301076,1909f56bfc062723c751e8b465ee728b)
Start importing Assets/Import/license.txt using Guid(40eb3e5c56b8407489a07282cf0aac21) Importer(815301076,1909f56bfc062723c751e8b465ee728b)  -> (artifact id: '0d139c765074467ff5de80e0688ba331') in 0.035004 seconds 
  Import took 0.038347 seconds .

========================================================================
Received Import Request.
  Time since last request: 259.249290 seconds.
  path: Packages/com.unity.ext.nunit/package.json
  artifactKey: Guid(8143d3a8390f2c64685e3bc272bd9e90) Importer(815301076,1909f56bfc062723c751e8b465ee728b)
Start importing Packages/com.unity.ext.nunit/package.json using Guid(8143d3a8390f2c64685e3bc272bd9e90) Importer(815301076,1909f56bfc062723c751e8b465ee728b)  -> (artifact id: '36f449bd9ed4a92e06d659da724da745') in 0.008915 seconds 
  Import took 0.012746 seconds .

========================================================================
Received Import Request.
  Time since last request: 1.195526 seconds.
  path: Packages/com.unity.ide.vscode/package.json
  artifactKey: Guid(ffc6271f08270b64ca0aae9c49235d81) Importer(815301076,1909f56bfc062723c751e8b465ee728b)
Start importing Packages/com.unity.ide.vscode/package.json using Guid(ffc6271f08270b64ca0aae9c49235d81) Importer(815301076,1909f56bfc062723c751e8b465ee728b)  -> (artifact id: 'fc2eb58b715695d862cee57d9b6e36af') in 0.003100 seconds 
  Import took 0.006082 seconds .

========================================================================
Received Import Request.
  Time since last request: 0.529120 seconds.
  path: Packages/com.unity.collab-proxy/package.json
  artifactKey: Guid(743fda8c4b219c8429fb5a77ede1c879) Importer(815301076,1909f56bfc062723c751e8b465ee728b)
Start importing Packages/com.unity.collab-proxy/package.json using Guid(743fda8c4b219c8429fb5a77ede1c879) Importer(815301076,1909f56bfc062723c751e8b465ee728b)  -> (artifact id: '2f7b3fd20ba1e75894316128d7f5e036') in 0.003222 seconds 
  Import took 0.007055 seconds .

========================================================================
Received Import Request.
  Time since last request: 1.129767 seconds.
  path: Packages/com.unity.ide.visualstudio/package.json
  artifactKey: Guid(656f74f6edaa396458412b9e3903d8cd) Importer(815301076,1909f56bfc062723c751e8b465ee728b)
Start importing Packages/com.unity.ide.visualstudio/package.json using Guid(656f74f6edaa396458412b9e3903d8cd) Importer(815301076,1909f56bfc062723c751e8b465ee728b)  -> (artifact id: '2dbbbecbf6b62e0f0ea428d10de5a339') in 0.002658 seconds 
  Import took 0.005910 seconds .

========================================================================
Received Import Request.
  Time since last request: 0.506318 seconds.
  path: Packages/com.ptc.vuforia.engine/package.json
  artifactKey: Guid(c0e3d889c2a8e4409a9be4e7899d2b51) Importer(815301076,1909f56bfc062723c751e8b465ee728b)
Start importing Packages/com.ptc.vuforia.engine/package.json using Guid(c0e3d889c2a8e4409a9be4e7899d2b51) Importer(815301076,1909f56bfc062723c751e8b465ee728b)  -> (artifact id: '3eceeca250b3adc0064808a11abdc2cb') in 0.002416 seconds 
  Import took 0.006101 seconds .

========================================================================
Received Import Request.
  Time since last request: 0.000184 seconds.
  path: Packages/com.ptc.vuforia.engine/readme-add-package-via-git-url-reference-image.png
  artifactKey: Guid(750cc6e77aa924340bf2262e41b7b3b2) Importer(815301076,1909f56bfc062723c751e8b465ee728b)
Start importing Packages/com.ptc.vuforia.engine/readme-add-package-via-git-url-reference-image.png using Guid(750cc6e77aa924340bf2262e41b7b3b2) Importer(815301076,1909f56bfc062723c751e8b465ee728b)  -> (artifact id: '82d12e6aad0e4d309e59021a1d3856eb') in 0.022791 seconds 
  Import took 0.026289 seconds .

========================================================================
Received Import Request.
  Time since last request: 1.737248 seconds.
  path: Packages/com.unity.timeline/package.json
  artifactKey: Guid(13a9c1b4df2e489e8eb9cacca7429596) Importer(815301076,1909f56bfc062723c751e8b465ee728b)
Start importing Packages/com.unity.timeline/package.json using Guid(13a9c1b4df2e489e8eb9cacca7429596) Importer(815301076,1909f56bfc062723c751e8b465ee728b)  -> (artifact id: '82c6c08db8f434b9305b26de0687e812') in 0.002885 seconds 
  Import took 0.005668 seconds .

========================================================================
Received Import Request.
  Time since last request: 0.682747 seconds.
  path: Packages/com.unity.ugui/package.json
  artifactKey: Guid(319b8889f363f5947acf209c17a94149) Importer(815301076,1909f56bfc062723c751e8b465ee728b)
Start importing Packages/com.unity.ugui/package.json using Guid(319b8889f363f5947acf209c17a94149) Importer(815301076,1909f56bfc062723c751e8b465ee728b)  -> (artifact id: '39d1f12f0f4420a8b9dea50868bbb5d0') in 0.003099 seconds 
  Import took 0.006632 seconds .

========================================================================
Received Import Request.
  Time since last request: 4.011340 seconds.
  path: Packages/com.unity.ide.rider/package.json
  artifactKey: Guid(66c95bb3c74257f41bae2622511dc02d) Importer(815301076,1909f56bfc062723c751e8b465ee728b)
Start importing Packages/com.unity.ide.rider/package.json using Guid(66c95bb3c74257f41bae2622511dc02d) Importer(815301076,1909f56bfc062723c751e8b465ee728b)  -> (artifact id: 'ff96f7b61e94a0dc9b975679be81ead9') in 0.002599 seconds 
  Import took 0.005812 seconds .

========================================================================
Received Import Request.
  Time since last request: 2.497855 seconds.
  path: Packages/com.unity.ide.rider/Rider/Editor/com.unity.ide.rider.asmdef
  artifactKey: Guid(d528c8c98d269ca44a06cd9624a03945) Importer(815301076,1909f56bfc062723c751e8b465ee728b)
Start importing Packages/com.unity.ide.rider/Rider/Editor/com.unity.ide.rider.asmdef using Guid(d528c8c98d269ca44a06cd9624a03945) Importer(815301076,1909f56bfc062723c751e8b465ee728b)  -> (artifact id: '66e1e44df00fa750fc3b002d47a42d5f') in 0.004553 seconds 
  Import took 0.009521 seconds .

========================================================================
Received Prepare
Registering precompiled user dll's ...
Registered in 0.018719 seconds.
Begin MonoManager ReloadAssembly
Native extension for WindowsStandalone target not found
Native extension for WebGL target not found
Refreshing native plugins compatible for Editor in 0.55 ms, found 5 plugins.
Preloading 2 native plugins for Editor in 0.07 ms.
System.NullReferenceException: Object reference not set to an instance of an object
  at Vuforia.EditorClasses.ExtensionTypeProvider.GetVuforiaPackageAbsPath () [0x0004a] in <fa936954903d455ab607cdebc0675fa6>:0 
  at Vuforia.EditorClasses.ExtensionTypeProvider.IsPackageManager () [0x00000] in <fa936954903d455ab607cdebc0675fa6>:0 
  at Vuforia.EditorClasses.ExtensionTypeProvider.ResolvePluginType () [0x00009] in <fa936954903d455ab607cdebc0675fa6>:0 
  at Vuforia.EditorClasses.ExtensionTypeProvider.GetPluginType () [0x0000c] in <fa936954903d455ab607cdebc0675fa6>:0 
  at Vuforia.EditorClasses.VuforiaUtilities.IsVuforiaEnabledInPlayerSettings () [0x00000] in <fa936954903d455ab607cdebc0675fa6>:0 
  at VuforiaEnabledObserver..cctor () [0x00000] in <fa936954903d455ab607cdebc0675fa6>:0 
UnityEngine.StackTraceUtility:ExtractStackTrace ()
UnityEngine.DebugLogHandler:LogFormat (UnityEngine.LogType,UnityEngine.Object,string,object[])
UnityEngine.Logger:Log (UnityEngine.LogType,object)
UnityEngine.Debug:LogError (object)
UnityEditor.EditorAssemblies:ProcessInitializeOnLoadAttributes (System.Type[])

System.NullReferenceException: Object reference not set to an instance of an object
  at Vuforia.EditorClasses.ExtensionTypeProvider.GetVuforiaPackageAbsPath () [0x0004a] in <fa936954903d455ab607cdebc0675fa6>:0 
  at Vuforia.EditorClasses.ExtensionTypeProvider.IsPackageManager () [0x00000] in <fa936954903d455ab607cdebc0675fa6>:0 
  at Vuforia.EditorClasses.ExtensionTypeProvider.ResolvePluginType () [0x00009] in <fa936954903d455ab607cdebc0675fa6>:0 
  at Vuforia.EditorClasses.ExtensionTypeProvider.GetPluginType () [0x0000c] in <fa936954903d455ab607cdebc0675fa6>:0 
  at Vuforia.EditorClasses.VuforiaUtilities.IsVuforiaEnabledInPlayerSettings () [0x00000] in <fa936954903d455ab607cdebc0675fa6>:0 
  at Vuforia.EditorClasses.InitializeOnLoadVuforiaTaskRunner..cctor () [0x00015] in <fa936954903d455ab607cdebc0675fa6>:0 
UnityEngine.StackTraceUtility:ExtractStackTrace ()
UnityEngine.DebugLogHandler:LogFormat (UnityEngine.LogType,UnityEngine.Object,string,object[])
UnityEngine.Logger:Log (UnityEngine.LogType,object)
UnityEngine.Debug:LogError (object)
UnityEditor.EditorAssemblies:ProcessInitializeOnLoadAttributes (System.Type[])

Mono: successfully reloaded assembly
- Completed reload, in  1.355 seconds
Domain Reload Profiling:
	ReloadAssembly (1356ms)
		BeginReloadAssembly (431ms)
			ExecutionOrderSort (0ms)
			DisableScriptedObjects (5ms)
			BackupInstance (0ms)
			ReleaseScriptingObjects (0ms)
			CreateAndSetChildDomain (296ms)
		EndReloadAssembly (815ms)
			LoadAssemblies (188ms)
			RebuildTransferFunctionScriptingTraits (0ms)
			SetupTypeCache (290ms)
			ReleaseScriptCaches (1ms)
			RebuildScriptCaches (33ms)
			SetupLoadedEditorAssemblies (238ms)
				LogAssemblyErrors (0ms)
				InitializePlatformSupportModulesInManaged (5ms)
				SetLoadedEditorAssemblies (0ms)
				RefreshPlugins (1ms)
				BeforeProcessingInitializeOnLoad (38ms)
				ProcessInitializeOnLoadAttributes (186ms)
				ProcessInitializeOnLoadMethodAttributes (7ms)
				AfterProcessingInitializeOnLoad (1ms)
				EditorAssembliesLoaded (0ms)
			ExecutionOrderSort2 (0ms)
			AwakeInstancesAfterBackupRestoration (6ms)
Platform modules already initialized, skipping
Refreshing native plugins compatible for Editor in 0.53 ms, found 5 plugins.
Preloading 2 native plugins for Editor in 0.05 ms.
Unloading 1723 Unused Serialized files (Serialized files now loaded: 0)
System memory in use before: 81.3 MB.
System memory in use after: 81.4 MB.

Unloading 41 unused Assets to reduce memory usage. Loaded Objects now: 2512.
Total: 2.282800 ms (FindLiveObjects: 0.160600 ms CreateObjectMapping: 0.069100 ms MarkObjects: 2.034000 ms  DeleteObjects: 0.018100 ms)

AssetImportParameters requested are different than current active one (requested -> active):
  custom:framework-win-MediaFoundation: 216162199b28c13a410421893ffa2e32 -> 
  custom:video-decoder-ogg-theora: a1e56fd34408186e4bbccfd4996cb3dc -> 
  custom:container-muxer-webm: aa71ff27fc2769a1b78a27578f13a17b -> 
  custom:container-demuxer-webm: 4f35f7cbe854078d1ac9338744f61a02 -> 
  custom:container-demuxer-ogg: 62fdf1f143b41e24485cea50d1cbac27 -> 
  custom:video-encoder-webm-vp8: eb34c28f22e8b96e1ab97ce403110664 -> 
  custom:video-codec-MediaFoundation-h265: 746d11721c4dcdbdad8f713fa42b33f4 -> 
  custom:video-decoder-webm-vp8: 9c59270c3fd7afecdb556c50c9e8de78 -> 
  custom:audio-decoder-ogg-vorbis: bf7c407c2cedff20999df2af8eb42d56 -> 
  custom:audio-encoder-webm-vorbis: bf7c407c2cedff20999df2af8eb42d56 -> 
========================================================================
Received Import Request.
  Time since last request: 301.264522 seconds.
  path: Packages/com.unity.textmeshpro/package.json
  artifactKey: Guid(220e9325710f4235a43492dd1ee4980d) Importer(815301076,1909f56bfc062723c751e8b465ee728b)
Start importing Packages/com.unity.textmeshpro/package.json using Guid(220e9325710f4235a43492dd1ee4980d) Importer(815301076,1909f56bfc062723c751e8b465ee728b)  -> (artifact id: '2c6d4de5db3a39bcb3575c98dc9df750') in 0.026319 seconds 
  Import took 0.029164 seconds .

========================================================================
Received Import Request.
  Time since last request: 9.767510 seconds.
  path: Assets/Prefab_Cabin.Textures/concrete_pebbles.001_baseColor.png
  artifactKey: Guid(808142006467f0848afab24a23c27748) Importer(815301076,1909f56bfc062723c751e8b465ee728b)
Start importing Assets/Prefab_Cabin.Textures/concrete_pebbles.001_baseColor.png using Guid(808142006467f0848afab24a23c27748) Importer(815301076,1909f56bfc062723c751e8b465ee728b)  -> (artifact id: 'ad1690cec03fc79181060860d361c5e8') in 0.024954 seconds 
  Import took 0.029276 seconds .

========================================================================
Received Import Request.
  Time since last request: 0.000352 seconds.
  path: Assets/Prefab_Cabin.Textures/porch_light.001_normal.png
  artifactKey: Guid(799d6abe3b812db4493427f0ac8c6342) Importer(815301076,1909f56bfc062723c751e8b465ee728b)
Start importing Assets/Prefab_Cabin.Textures/porch_light.001_normal.png using Guid(799d6abe3b812db4493427f0ac8c6342) Importer(815301076,1909f56bfc062723c751e8b465ee728b)  -> (artifact id: '10c7109bd55d66bac40a5b153ebdd301') in 0.020307 seconds 
  Import took 0.023642 seconds .

========================================================================
Received Import Request.
  Time since last request: 0.000201 seconds.
  path: Assets/Prefab_Cabin.Textures/Logs_end.001_baseColor.jpeg
  artifactKey: Guid(b101b259d1912a74482db66bad2398e3) Importer(815301076,1909f56bfc062723c751e8b465ee728b)
Start importing Assets/Prefab_Cabin.Textures/Logs_end.001_baseColor.jpeg using Guid(b101b259d1912a74482db66bad2398e3) Importer(815301076,1909f56bfc062723c751e8b465ee728b)  -> (artifact id: '5f0e029cd3dbffbe23f36fc2ebe870f5') in 0.012863 seconds 
  Import took 0.017481 seconds .

========================================================================
Received Import Request.
  Time since last request: 0.000280 seconds.
  path: Assets/Prefab_Cabin.Textures/wood_boards.001_normal.png
  artifactKey: Guid(6694d843de5327642b7721a9dc628546) Importer(815301076,1909f56bfc062723c751e8b465ee728b)
Start importing Assets/Prefab_Cabin.Textures/wood_boards.001_normal.png using Guid(6694d843de5327642b7721a9dc628546) Importer(815301076,1909f56bfc062723c751e8b465ee728b)  -> (artifact id: '47b66949ace1f48dff78080e084123c8') in 0.009363 seconds 
  Import took 0.013594 seconds .

========================================================================
Received Import Request.
  Time since last request: 0.000191 seconds.
  path: Assets/Prefab_Cabin.Textures/porch_light.001_metallicRoughness.png
  artifactKey: Guid(d4046be7e9c1aff4891ab3bf6a3b8bef) Importer(815301076,1909f56bfc062723c751e8b465ee728b)
Start importing Assets/Prefab_Cabin.Textures/porch_light.001_metallicRoughness.png using Guid(d4046be7e9c1aff4891ab3bf6a3b8bef) Importer(815301076,1909f56bfc062723c751e8b465ee728b)  -> (artifact id: 'd3a03e28343e996f1a5d173fdb10d62e') in 0.007366 seconds 
  Import took 0.012037 seconds .

========================================================================
Received Import Request.
  Time since last request: 0.000203 seconds.
  path: Assets/Prefab_Cabin.Textures/porch_light.001_baseColor.png
  artifactKey: Guid(e36a06d33a452184f9cba3d032dc19ad) Importer(815301076,1909f56bfc062723c751e8b465ee728b)
Start importing Assets/Prefab_Cabin.Textures/porch_light.001_baseColor.png using Guid(e36a06d33a452184f9cba3d032dc19ad) Importer(815301076,1909f56bfc062723c751e8b465ee728b)  -> (artifact id: '51d955f78c96f7101da883f89b1bc9d5') in 0.010260 seconds 
  Import took 0.014390 seconds .

========================================================================
Received Import Request.
  Time since last request: 0.000215 seconds.
  path: Assets/Prefab_Cabin.Textures/stone_walls.002_baseColor.png
  artifactKey: Guid(972cb98cab3ede2438005d52aef63eac) Importer(815301076,1909f56bfc062723c751e8b465ee728b)
Start importing Assets/Prefab_Cabin.Textures/stone_walls.002_baseColor.png using Guid(972cb98cab3ede2438005d52aef63eac) Importer(815301076,1909f56bfc062723c751e8b465ee728b)  -> (artifact id: '013bf6f46b7bbf73489d51480e2df737') in 0.010176 seconds 
  Import took 0.014781 seconds .

========================================================================
Received Import Request.
  Time since last request: 0.000143 seconds.
  path: Assets/Prefab_Cabin.Textures/window_frame_medium.001_normal.png
  artifactKey: Guid(7950f0014b4a8c9459979e17014f4695) Importer(815301076,1909f56bfc062723c751e8b465ee728b)
Start importing Assets/Prefab_Cabin.Textures/window_frame_medium.001_normal.png using Guid(7950f0014b4a8c9459979e17014f4695) Importer(815301076,1909f56bfc062723c751e8b465ee728b)  -> (artifact id: '58225f89fdc9eb1b567d237ff10511df') in 0.010053 seconds 
  Import took 0.013905 seconds .

========================================================================
Received Import Request.
  Time since last request: 0.000264 seconds.
  path: Assets/Prefab_Cabin.Textures/wood_boards.001_baseColor.png
  artifactKey: Guid(2998e06d32014c544a32d22f659e81e8) Importer(815301076,1909f56bfc062723c751e8b465ee728b)
Start importing Assets/Prefab_Cabin.Textures/wood_boards.001_baseColor.png using Guid(2998e06d32014c544a32d22f659e81e8) Importer(815301076,1909f56bfc062723c751e8b465ee728b)  -> (artifact id: '29386c74f6b0c62244a3ae41f69c1775') in 0.014658 seconds 
  Import took 0.017186 seconds .

========================================================================
Received Import Request.
  Time since last request: 0.000203 seconds.
  path: Assets/Prefab_Cabin.Textures/Logs_end.001_normal.jpeg
  artifactKey: Guid(2831756742810fe4e96a1f03acea9c83) Importer(815301076,1909f56bfc062723c751e8b465ee728b)
Start importing Assets/Prefab_Cabin.Textures/Logs_end.001_normal.jpeg using Guid(2831756742810fe4e96a1f03acea9c83) Importer(815301076,1909f56bfc062723c751e8b465ee728b)  -> (artifact id: '986a95faffd2d9c19f6ab5c9398c3fb2') in 0.010961 seconds 
  Import took 0.013745 seconds .

========================================================================
Received Import Request.
  Time since last request: 0.000177 seconds.
  path: Assets/Prefab_Cabin.Textures/Nordic_Moss.001_normal.png
  artifactKey: Guid(72d373c278012d940a5055ccf35b09f1) Importer(815301076,1909f56bfc062723c751e8b465ee728b)
Start importing Assets/Prefab_Cabin.Textures/Nordic_Moss.001_normal.png using Guid(72d373c278012d940a5055ccf35b09f1) Importer(815301076,1909f56bfc062723c751e8b465ee728b)  -> (artifact id: 'e3219a477e19ff88e955bf8bd0456e57') in 0.013155 seconds 
  Import took 0.018167 seconds .

========================================================================
Received Import Request.
  Time since last request: 0.000195 seconds.
  path: Assets/Prefab_Cabin.Textures/cut_processed_wood.001_normal.png
  artifactKey: Guid(b477406ead247b24f908afaf79ca8288) Importer(815301076,1909f56bfc062723c751e8b465ee728b)
Start importing Assets/Prefab_Cabin.Textures/cut_processed_wood.001_normal.png using Guid(b477406ead247b24f908afaf79ca8288) Importer(815301076,1909f56bfc062723c751e8b465ee728b)  -> (artifact id: '13fc9b5d5c0f58f785f5594a4f50f9db') in 0.013549 seconds 
  Import took 0.016928 seconds .

========================================================================
Received Import Request.
  Time since last request: 0.000198 seconds.
  path: Assets/Prefab_Cabin.Textures/Nordic_Moss.001_baseColor.jpeg
  artifactKey: Guid(bc49a09ded5daa54995eed19beea75bf) Importer(815301076,1909f56bfc062723c751e8b465ee728b)
Start importing Assets/Prefab_Cabin.Textures/Nordic_Moss.001_baseColor.jpeg using Guid(bc49a09ded5daa54995eed19beea75bf) Importer(815301076,1909f56bfc062723c751e8b465ee728b)  -> (artifact id: '78833f07c3d23699c872fc86cc3bc142') in 0.011753 seconds 
  Import took 0.015030 seconds .

========================================================================
Received Import Request.
  Time since last request: 0.000704 seconds.
  path: Assets/Prefab_Cabin.Textures/concrete_pebbles.001_metallicRoughness.png
  artifactKey: Guid(c9c8fdee22f2f1d49bc8af2069c49696) Importer(815301076,1909f56bfc062723c751e8b465ee728b)
Start importing Assets/Prefab_Cabin.Textures/concrete_pebbles.001_metallicRoughness.png using Guid(c9c8fdee22f2f1d49bc8af2069c49696) Importer(815301076,1909f56bfc062723c751e8b465ee728b)  -> (artifact id: '9623a414911e908bd6d2e9168e8c7076') in 0.008663 seconds 
  Import took 0.012232 seconds .

========================================================================
Received Import Request.
  Time since last request: 0.000199 seconds.
  path: Assets/Prefab_Cabin.Textures/wood_boards_floor_second_story.001_baseColor.png
  artifactKey: Guid(13d55b1e8bb37a349b065b666169d5bf) Importer(815301076,1909f56bfc062723c751e8b465ee728b)
Start importing Assets/Prefab_Cabin.Textures/wood_boards_floor_second_story.001_baseColor.png using Guid(13d55b1e8bb37a349b065b666169d5bf) Importer(815301076,1909f56bfc062723c751e8b465ee728b)  -> (artifact id: 'b3713b635032dd5b5535ac5066453a67') in 0.009595 seconds 
  Import took 0.012251 seconds .

========================================================================
Received Import Request.
  Time since last request: 0.000207 seconds.
  path: Assets/Prefab_Cabin.Textures/Logs_big.001_normal.jpeg
  artifactKey: Guid(343e07d211011b8419a23e0162e7839d) Importer(815301076,1909f56bfc062723c751e8b465ee728b)
Start importing Assets/Prefab_Cabin.Textures/Logs_big.001_normal.jpeg using Guid(343e07d211011b8419a23e0162e7839d) Importer(815301076,1909f56bfc062723c751e8b465ee728b)  -> (artifact id: '0d84d7131778059e942d3bdbf122c980') in 0.011457 seconds 
  Import took 0.015413 seconds .

========================================================================
Received Import Request.
  Time since last request: 0.000319 seconds.
  path: Assets/Prefab_Cabin.Textures/roof.001_baseColor.png
  artifactKey: Guid(ab1805984d95c374c87e21ea51c00cf5) Importer(815301076,1909f56bfc062723c751e8b465ee728b)
Start importing Assets/Prefab_Cabin.Textures/roof.001_baseColor.png using Guid(ab1805984d95c374c87e21ea51c00cf5) Importer(815301076,1909f56bfc062723c751e8b465ee728b)  -> (artifact id: '1dd6a5f9d04d9f7f977e9b0604164db5') in 0.009290 seconds 
  Import took 0.013767 seconds .

========================================================================
Received Import Request.
  Time since last request: 0.000673 seconds.
  path: Assets/Prefab_Cabin.Textures/Logs.001_normal.png
  artifactKey: Guid(9ac902637defd6a4786c77d69a37f79f) Importer(815301076,1909f56bfc062723c751e8b465ee728b)
Start importing Assets/Prefab_Cabin.Textures/Logs.001_normal.png using Guid(9ac902637defd6a4786c77d69a37f79f) Importer(815301076,1909f56bfc062723c751e8b465ee728b)  -> (artifact id: 'cde985f68572c416e785f195d43ba960') in 0.008424 seconds 
  Import took 0.013521 seconds .

========================================================================
Received Import Request.
  Time since last request: 0.000389 seconds.
  path: Assets/Prefab_Cabin.Textures/Logs.001_metallicRoughness.png
  artifactKey: Guid(28ce6377b61902a4d8413950f77ea63d) Importer(815301076,1909f56bfc062723c751e8b465ee728b)
Start importing Assets/Prefab_Cabin.Textures/Logs.001_metallicRoughness.png using Guid(28ce6377b61902a4d8413950f77ea63d) Importer(815301076,1909f56bfc062723c751e8b465ee728b)  -> (artifact id: 'd2a13b7b337f11e629bf9a959cd50b8a') in 0.009440 seconds 
  Import took 0.014108 seconds .

========================================================================
Received Import Request.
  Time since last request: 0.000285 seconds.
  path: Assets/Prefab_Cabin.Textures/cut_processed_wood.001_baseColor.png
  artifactKey: Guid(07aa561885add08469da53ee141eea6f) Importer(815301076,1909f56bfc062723c751e8b465ee728b)
Start importing Assets/Prefab_Cabin.Textures/cut_processed_wood.001_baseColor.png using Guid(07aa561885add08469da53ee141eea6f) Importer(815301076,1909f56bfc062723c751e8b465ee728b)  -> (artifact id: 'cea039cc011853a1081284b3cf898165') in 0.009455 seconds 
  Import took 0.014828 seconds .

========================================================================
Received Import Request.
  Time since last request: 0.000223 seconds.
  path: Assets/Prefab_Cabin.Textures/wood_boards.001_metallicRoughness.png
  artifactKey: Guid(27c70d5ef540f8045931455cd2a655cb) Importer(815301076,1909f56bfc062723c751e8b465ee728b)
Start importing Assets/Prefab_Cabin.Textures/wood_boards.001_metallicRoughness.png using Guid(27c70d5ef540f8045931455cd2a655cb) Importer(815301076,1909f56bfc062723c751e8b465ee728b)  -> (artifact id: '4efa206ee80c05245b78e1c3d3fbfd48') in 0.011111 seconds 
  Import took 0.015001 seconds .

========================================================================
Received Import Request.
  Time since last request: 0.000192 seconds.
  path: Assets/Prefab_Cabin.Textures/door_wframe.001_normal.png
  artifactKey: Guid(af7eb9ef046372d4c82aae05afa83780) Importer(815301076,1909f56bfc062723c751e8b465ee728b)
Start importing Assets/Prefab_Cabin.Textures/door_wframe.001_normal.png using Guid(af7eb9ef046372d4c82aae05afa83780) Importer(815301076,1909f56bfc062723c751e8b465ee728b)  -> (artifact id: 'f1d000fd623552b130c35fbba1279668') in 0.008881 seconds 
  Import took 0.014125 seconds .

========================================================================
Received Import Request.
  Time since last request: 0.000241 seconds.
  path: Assets/Prefab_Cabin.Textures/Shtora2.001_normal.png
  artifactKey: Guid(66378d29f12170d44a5fcfe29bb435f6) Importer(815301076,1909f56bfc062723c751e8b465ee728b)
Start importing Assets/Prefab_Cabin.Textures/Shtora2.001_normal.png using Guid(66378d29f12170d44a5fcfe29bb435f6) Importer(815301076,1909f56bfc062723c751e8b465ee728b)  -> (artifact id: '925db697d5ee7be3c63491bb44b8c18e') in 0.010402 seconds 
  Import took 0.013831 seconds .

========================================================================
Received Import Request.
  Time since last request: 0.000275 seconds.
  path: Assets/Prefab_Cabin.Textures/stone_walls.002_metallicRoughness.png
  artifactKey: Guid(a66e2f5e1abe1c744b73e82d1e1f701b) Importer(815301076,1909f56bfc062723c751e8b465ee728b)
Start importing Assets/Prefab_Cabin.Textures/stone_walls.002_metallicRoughness.png using Guid(a66e2f5e1abe1c744b73e82d1e1f701b) Importer(815301076,1909f56bfc062723c751e8b465ee728b)  -> (artifact id: 'a7ade7fad18ce2bc27c3f83c4e2e64b2') in 0.009196 seconds 
  Import took 0.014324 seconds .

========================================================================
Received Import Request.
  Time since last request: 0.000313 seconds.
  path: Assets/Prefab_Cabin.Textures/Logs_big.001_metallicRoughness.png
  artifactKey: Guid(4200c8ecef90f9f48bac0ba2d509c69b) Importer(815301076,1909f56bfc062723c751e8b465ee728b)
Start importing Assets/Prefab_Cabin.Textures/Logs_big.001_metallicRoughness.png using Guid(4200c8ecef90f9f48bac0ba2d509c69b) Importer(815301076,1909f56bfc062723c751e8b465ee728b)  -> (artifact id: '42595b82b7cf06b8a1c936c04dbd3685') in 0.012545 seconds 
  Import took 0.018701 seconds .

========================================================================
Received Import Request.
  Time since last request: 0.000191 seconds.
  path: Assets/Prefab_Cabin.Textures/roof.001_metallicRoughness.png
  artifactKey: Guid(92fa7c72f57ae9b48b691aa6ac3d55cf) Importer(815301076,1909f56bfc062723c751e8b465ee728b)
Start importing Assets/Prefab_Cabin.Textures/roof.001_metallicRoughness.png using Guid(92fa7c72f57ae9b48b691aa6ac3d55cf) Importer(815301076,1909f56bfc062723c751e8b465ee728b)  -> (artifact id: 'a04f31a06e3be5e8806f8a0a2e14354d') in 0.010367 seconds 
  Import took 0.014611 seconds .

========================================================================
Received Import Request.
  Time since last request: 0.000194 seconds.
  path: Assets/Prefab_Cabin.Textures/processed_wood_end.001_normal.png
  artifactKey: Guid(bae94f3659f31b74e9c0236f6fe0f69d) Importer(815301076,1909f56bfc062723c751e8b465ee728b)
Start importing Assets/Prefab_Cabin.Textures/processed_wood_end.001_normal.png using Guid(bae94f3659f31b74e9c0236f6fe0f69d) Importer(815301076,1909f56bfc062723c751e8b465ee728b)  -> (artifact id: 'ab5ccf1409969b67dbef959018ae15c9') in 0.008977 seconds 
  Import took 0.013416 seconds .

========================================================================
Received Import Request.
  Time since last request: 0.000362 seconds.
  path: Assets/Prefab_Cabin.Textures/Logs_big.001_baseColor.png
  artifactKey: Guid(b6f77330288a5da4289d865dd6a9a9df) Importer(815301076,1909f56bfc062723c751e8b465ee728b)
Start importing Assets/Prefab_Cabin.Textures/Logs_big.001_baseColor.png using Guid(b6f77330288a5da4289d865dd6a9a9df) Importer(815301076,1909f56bfc062723c751e8b465ee728b)  -> (artifact id: 'aa0ac9ae88c149bc13b2f078625d848a') in 0.009235 seconds 
  Import took 0.014306 seconds .

========================================================================
Received Import Request.
  Time since last request: 0.000296 seconds.
  path: Assets/Prefab_Cabin.Textures/concrete_pebbles.001_normal.png
  artifactKey: Guid(738e28e4ea93d654b9a3e29cb656b7fa) Importer(815301076,1909f56bfc062723c751e8b465ee728b)
Start importing Assets/Prefab_Cabin.Textures/concrete_pebbles.001_normal.png using Guid(738e28e4ea93d654b9a3e29cb656b7fa) Importer(815301076,1909f56bfc062723c751e8b465ee728b)  -> (artifact id: '692ba28c0eacc0ea99ec8884ed636d41') in 0.010505 seconds 
  Import took 0.016332 seconds .

========================================================================
Received Import Request.
  Time since last request: 0.000165 seconds.
  path: Assets/Prefab_Cabin.Textures/Shtora2.001_baseColor.jpeg
  artifactKey: Guid(a1fbe37a323d7a345afade1c56cfdec1) Importer(815301076,1909f56bfc062723c751e8b465ee728b)
Start importing Assets/Prefab_Cabin.Textures/Shtora2.001_baseColor.jpeg using Guid(a1fbe37a323d7a345afade1c56cfdec1) Importer(815301076,1909f56bfc062723c751e8b465ee728b)  -> (artifact id: '6143890772a11d96f35ec7959ca09658') in 0.009931 seconds 
  Import took 0.014634 seconds .

========================================================================
Received Import Request.
  Time since last request: 0.000169 seconds.
  path: Assets/Prefab_Cabin.Textures/roof.001_normal.jpeg
  artifactKey: Guid(5d576b1062f40a24481ab0656071b0fa) Importer(815301076,1909f56bfc062723c751e8b465ee728b)
Start importing Assets/Prefab_Cabin.Textures/roof.001_normal.jpeg using Guid(5d576b1062f40a24481ab0656071b0fa) Importer(815301076,1909f56bfc062723c751e8b465ee728b)  -> (artifact id: 'c8dd71f29b13afc2b8370ad451b95f9d') in 0.011556 seconds 
  Import took 0.015323 seconds .

========================================================================
Received Import Request.
  Time since last request: 0.000373 seconds.
  path: Assets/Prefab_Cabin.Textures/stone_walls.002_normal.png
  artifactKey: Guid(99c5a4aa61a28fd4cbbcb879dad60b0c) Importer(815301076,1909f56bfc062723c751e8b465ee728b)
Start importing Assets/Prefab_Cabin.Textures/stone_walls.002_normal.png using Guid(99c5a4aa61a28fd4cbbcb879dad60b0c) Importer(815301076,1909f56bfc062723c751e8b465ee728b)  -> (artifact id: '207879e0333c2f70854b6dc530da2762') in 0.009931 seconds 
  Import took 0.015858 seconds .

========================================================================
Received Import Request.
  Time since last request: 0.000540 seconds.
  path: Assets/Prefab_Cabin.Textures/processed_wood_end.001_baseColor.jpeg
  artifactKey: Guid(d700e5c9c9e49124ea56d71e1df24b9b) Importer(815301076,1909f56bfc062723c751e8b465ee728b)
Start importing Assets/Prefab_Cabin.Textures/processed_wood_end.001_baseColor.jpeg using Guid(d700e5c9c9e49124ea56d71e1df24b9b) Importer(815301076,1909f56bfc062723c751e8b465ee728b)  -> (artifact id: '7643bfce8b66202c28e1152e80782b2e') in 0.009014 seconds 
  Import took 0.013668 seconds .

========================================================================
Received Import Request.
  Time since last request: 0.000432 seconds.
  path: Assets/Prefab_Cabin.Textures/wood_boards_floor.001_metallicRoughness.png
  artifactKey: Guid(42e9b283ad8214244b7a16589d79ca98) Importer(815301076,1909f56bfc062723c751e8b465ee728b)
Start importing Assets/Prefab_Cabin.Textures/wood_boards_floor.001_metallicRoughness.png using Guid(42e9b283ad8214244b7a16589d79ca98) Importer(815301076,1909f56bfc062723c751e8b465ee728b)  -> (artifact id: '7919613fd807808479cba9f875598c7d') in 0.008441 seconds 
  Import took 0.014779 seconds .

========================================================================
Received Import Request.
  Time since last request: 0.000274 seconds.
  path: Assets/Prefab_Cabin.Textures/Logs.001_baseColor.jpeg
  artifactKey: Guid(0b8a48f33b1039d479fc56c38f884974) Importer(815301076,1909f56bfc062723c751e8b465ee728b)
Start importing Assets/Prefab_Cabin.Textures/Logs.001_baseColor.jpeg using Guid(0b8a48f33b1039d479fc56c38f884974) Importer(815301076,1909f56bfc062723c751e8b465ee728b)  -> (artifact id: '3a9a4f4d4f28f3519e8cb98d42ac9585') in 0.020114 seconds 
  Import took 0.023502 seconds .

========================================================================
Received Import Request.
  Time since last request: 576.819812 seconds.
  path: Assets/Resources/VuforiaConfiguration.asset
  artifactKey: Guid(db2d10c0d5ae11e4e8b2ed9e030de0e5) Importer(815301076,1909f56bfc062723c751e8b465ee728b)
Start importing Assets/Resources/VuforiaConfiguration.asset using Guid(db2d10c0d5ae11e4e8b2ed9e030de0e5) Importer(815301076,1909f56bfc062723c751e8b465ee728b)  -> (artifact id: 'cc30152e1fa01fdc11062091f1de1979') in 0.006714 seconds 
  Import took 0.010244 seconds .

========================================================================
Received Prepare
Registering precompiled user dll's ...
Registered in 0.028139 seconds.
Begin MonoManager ReloadAssembly
Native extension for WindowsStandalone target not found
Native extension for WebGL target not found
Refreshing native plugins compatible for Editor in 0.56 ms, found 5 plugins.
Preloading 2 native plugins for Editor in 0.06 ms.
System.NullReferenceException: Object reference not set to an instance of an object
  at Vuforia.EditorClasses.ExtensionTypeProvider.GetVuforiaPackageAbsPath () [0x0004a] in <fa936954903d455ab607cdebc0675fa6>:0 
  at Vuforia.EditorClasses.ExtensionTypeProvider.IsPackageManager () [0x00000] in <fa936954903d455ab607cdebc0675fa6>:0 
  at Vuforia.EditorClasses.ExtensionTypeProvider.ResolvePluginType () [0x00009] in <fa936954903d455ab607cdebc0675fa6>:0 
  at Vuforia.EditorClasses.ExtensionTypeProvider.GetPluginType () [0x0000c] in <fa936954903d455ab607cdebc0675fa6>:0 
  at Vuforia.EditorClasses.VuforiaUtilities.IsVuforiaEnabledInPlayerSettings () [0x00000] in <fa936954903d455ab607cdebc0675fa6>:0 
  at VuforiaEnabledObserver..cctor () [0x00000] in <fa936954903d455ab607cdebc0675fa6>:0 
UnityEngine.StackTraceUtility:ExtractStackTrace ()
UnityEngine.DebugLogHandler:LogFormat (UnityEngine.LogType,UnityEngine.Object,string,object[])
UnityEngine.Logger:Log (UnityEngine.LogType,object)
UnityEngine.Debug:LogError (object)
UnityEditor.EditorAssemblies:ProcessInitializeOnLoadAttributes (System.Type[])

System.NullReferenceException: Object reference not set to an instance of an object
  at Vuforia.EditorClasses.ExtensionTypeProvider.GetVuforiaPackageAbsPath () [0x0004a] in <fa936954903d455ab607cdebc0675fa6>:0 
  at Vuforia.EditorClasses.ExtensionTypeProvider.IsPackageManager () [0x00000] in <fa936954903d455ab607cdebc0675fa6>:0 
  at Vuforia.EditorClasses.ExtensionTypeProvider.ResolvePluginType () [0x00009] in <fa936954903d455ab607cdebc0675fa6>:0 
  at Vuforia.EditorClasses.ExtensionTypeProvider.GetPluginType () [0x0000c] in <fa936954903d455ab607cdebc0675fa6>:0 
  at Vuforia.EditorClasses.VuforiaUtilities.IsVuforiaEnabledInPlayerSettings () [0x00000] in <fa936954903d455ab607cdebc0675fa6>:0 
  at Vuforia.EditorClasses.InitializeOnLoadVuforiaTaskRunner..cctor () [0x00015] in <fa936954903d455ab607cdebc0675fa6>:0 
UnityEngine.StackTraceUtility:ExtractStackTrace ()
UnityEngine.DebugLogHandler:LogFormat (UnityEngine.LogType,UnityEngine.Object,string,object[])
UnityEngine.Logger:Log (UnityEngine.LogType,object)
UnityEngine.Debug:LogError (object)
UnityEditor.EditorAssemblies:ProcessInitializeOnLoadAttributes (System.Type[])

Mono: successfully reloaded assembly
- Completed reload, in  1.148 seconds
Domain Reload Profiling:
	ReloadAssembly (1149ms)
		BeginReloadAssembly (126ms)
			ExecutionOrderSort (0ms)
			DisableScriptedObjects (5ms)
			BackupInstance (0ms)
			ReleaseScriptingObjects (0ms)
			CreateAndSetChildDomain (43ms)
		EndReloadAssembly (898ms)
			LoadAssemblies (120ms)
			RebuildTransferFunctionScriptingTraits (0ms)
			SetupTypeCache (376ms)
			ReleaseScriptCaches (1ms)
			RebuildScriptCaches (47ms)
			SetupLoadedEditorAssemblies (265ms)
				LogAssemblyErrors (0ms)
				InitializePlatformSupportModulesInManaged (7ms)
				SetLoadedEditorAssemblies (0ms)
				RefreshPlugins (1ms)
				BeforeProcessingInitializeOnLoad (47ms)
				ProcessInitializeOnLoadAttributes (200ms)
				ProcessInitializeOnLoadMethodAttributes (8ms)
				AfterProcessingInitializeOnLoad (2ms)
				EditorAssembliesLoaded (0ms)
			ExecutionOrderSort2 (0ms)
			AwakeInstancesAfterBackupRestoration (6ms)
Platform modules already initialized, skipping
Switching build target platform(19) subTarget(0) extendedPlatform(0) -> platform(13) subTarget(537395200) extendedPlatform(0)
Refreshing native plugins compatible for Editor in 0.97 ms, found 5 plugins.
Preloading 2 native plugins for Editor in 0.28 ms.
Unloading 1727 Unused Serialized files (Serialized files now loaded: 0)
System memory in use before: 81.0 MB.
System memory in use after: 81.1 MB.

Unloading 41 unused Assets to reduce memory usage. Loaded Objects now: 2516.
Total: 5.340700 ms (FindLiveObjects: 0.284500 ms CreateObjectMapping: 0.183300 ms MarkObjects: 4.833000 ms  DeleteObjects: 0.038300 ms)

AssetImportParameters requested are different than current active one (requested -> active):
  custom:framework-win-MediaFoundation: 216162199b28c13a410421893ffa2e32 -> 
  custom:video-decoder-ogg-theora: a1e56fd34408186e4bbccfd4996cb3dc -> 
  custom:container-muxer-webm: aa71ff27fc2769a1b78a27578f13a17b -> 
  custom:container-demuxer-webm: 4f35f7cbe854078d1ac9338744f61a02 -> 
  custom:container-demuxer-ogg: 62fdf1f143b41e24485cea50d1cbac27 -> 
  custom:video-encoder-webm-vp8: eb34c28f22e8b96e1ab97ce403110664 -> 
  custom:video-codec-MediaFoundation-h265: 746d11721c4dcdbdad8f713fa42b33f4 -> 
  custom:video-decoder-webm-vp8: 9c59270c3fd7afecdb556c50c9e8de78 -> 
  custom:graphics/normal-map-encoding: 01000000000000000000000000000000 -> 02000000000000000000000000000000
  custom:audio-decoder-ogg-vorbis: bf7c407c2cedff20999df2af8eb42d56 -> 
  custom:audio-encoder-webm-vorbis: bf7c407c2cedff20999df2af8eb42d56 -> 
========================================================================
Received Prepare
Refreshing native plugins compatible for Editor in 14.63 ms, found 5 plugins.
Preloading 2 native plugins for Editor in 0.08 ms.
Unloading 39 Unused Serialized files (Serialized files now loaded: 0)
System memory in use before: 47.7 MB.
System memory in use after: 47.8 MB.

Unloading 39 unused Assets to reduce memory usage. Loaded Objects now: 2516.
Total: 5.439000 ms (FindLiveObjects: 0.528800 ms CreateObjectMapping: 0.271000 ms MarkObjects: 4.602800 ms  DeleteObjects: 0.034800 ms)

AssetImportParameters requested are different than current active one (requested -> active):
  custom:framework-win-MediaFoundation: 216162199b28c13a410421893ffa2e32 -> 
  custom:video-decoder-ogg-theora: a1e56fd34408186e4bbccfd4996cb3dc -> 
  custom:container-muxer-webm: aa71ff27fc2769a1b78a27578f13a17b -> 
  custom:container-demuxer-webm: 4f35f7cbe854078d1ac9338744f61a02 -> 
  custom:container-demuxer-ogg: 62fdf1f143b41e24485cea50d1cbac27 -> 
  custom:video-encoder-webm-vp8: eb34c28f22e8b96e1ab97ce403110664 -> 
  custom:video-codec-MediaFoundation-h265: 746d11721c4dcdbdad8f713fa42b33f4 -> 
  custom:video-decoder-webm-vp8: 9c59270c3fd7afecdb556c50c9e8de78 -> 
  custom:audio-decoder-ogg-vorbis: bf7c407c2cedff20999df2af8eb42d56 -> 
  custom:audio-encoder-webm-vorbis: bf7c407c2cedff20999df2af8eb42d56 -> 
========================================================================
Received Prepare
Refreshing native plugins compatible for Editor in 8.16 ms, found 5 plugins.
Preloading 2 native plugins for Editor in 0.06 ms.
Unloading 39 Unused Serialized files (Serialized files now loaded: 0)
System memory in use before: 47.7 MB.
System memory in use after: 47.8 MB.

Unloading 39 unused Assets to reduce memory usage. Loaded Objects now: 2516.
Total: 3.110400 ms (FindLiveObjects: 0.227300 ms CreateObjectMapping: 0.088500 ms MarkObjects: 2.769500 ms  DeleteObjects: 0.024100 ms)

AssetImportParameters requested are different than current active one (requested -> active):
  custom:framework-win-MediaFoundation: 216162199b28c13a410421893ffa2e32 -> 
  custom:video-decoder-ogg-theora: a1e56fd34408186e4bbccfd4996cb3dc -> 
  custom:container-muxer-webm: aa71ff27fc2769a1b78a27578f13a17b -> 
  custom:container-demuxer-webm: 4f35f7cbe854078d1ac9338744f61a02 -> 
  custom:container-demuxer-ogg: 62fdf1f143b41e24485cea50d1cbac27 -> 
  custom:video-encoder-webm-vp8: eb34c28f22e8b96e1ab97ce403110664 -> 
  custom:video-codec-MediaFoundation-h265: 746d11721c4dcdbdad8f713fa42b33f4 -> 
  custom:video-decoder-webm-vp8: 9c59270c3fd7afecdb556c50c9e8de78 -> 
  custom:audio-decoder-ogg-vorbis: bf7c407c2cedff20999df2af8eb42d56 -> 
  custom:audio-encoder-webm-vorbis: bf7c407c2cedff20999df2af8eb42d56 -> 
========================================================================
Received Prepare
Refreshing native plugins compatible for Editor in 12.57 ms, found 5 plugins.
Preloading 2 native plugins for Editor in 0.09 ms.
Unloading 39 Unused Serialized files (Serialized files now loaded: 0)
System memory in use before: 47.7 MB.
System memory in use after: 47.8 MB.

Unloading 39 unused Assets to reduce memory usage. Loaded Objects now: 2516.
Total: 21.904800 ms (FindLiveObjects: 0.648800 ms CreateObjectMapping: 0.175400 ms MarkObjects: 21.022800 ms  DeleteObjects: 0.056600 ms)

AssetImportParameters requested are different than current active one (requested -> active):
  custom:framework-win-MediaFoundation: 216162199b28c13a410421893ffa2e32 -> 
  custom:video-decoder-ogg-theora: a1e56fd34408186e4bbccfd4996cb3dc -> 
  custom:container-muxer-webm: aa71ff27fc2769a1b78a27578f13a17b -> 
  custom:container-demuxer-webm: 4f35f7cbe854078d1ac9338744f61a02 -> 
  custom:container-demuxer-ogg: 62fdf1f143b41e24485cea50d1cbac27 -> 
  custom:video-encoder-webm-vp8: eb34c28f22e8b96e1ab97ce403110664 -> 
  custom:video-codec-MediaFoundation-h265: 746d11721c4dcdbdad8f713fa42b33f4 -> 
  custom:video-decoder-webm-vp8: 9c59270c3fd7afecdb556c50c9e8de78 -> 
  custom:audio-decoder-ogg-vorbis: bf7c407c2cedff20999df2af8eb42d56 -> 
  custom:audio-encoder-webm-vorbis: bf7c407c2cedff20999df2af8eb42d56 -> 
========================================================================
Received Prepare
Refreshing native plugins compatible for Editor in 65.52 ms, found 5 plugins.
Preloading 2 native plugins for Editor in 0.11 ms.
Unloading 39 Unused Serialized files (Serialized files now loaded: 0)
System memory in use before: 47.7 MB.
System memory in use after: 47.8 MB.

Unloading 39 unused Assets to reduce memory usage. Loaded Objects now: 2516.
Total: 6.079200 ms (FindLiveObjects: 0.778000 ms CreateObjectMapping: 0.212700 ms MarkObjects: 4.433600 ms  DeleteObjects: 0.652900 ms)

AssetImportParameters requested are different than current active one (requested -> active):
  custom:framework-win-MediaFoundation: 216162199b28c13a410421893ffa2e32 -> 
  custom:video-decoder-ogg-theora: a1e56fd34408186e4bbccfd4996cb3dc -> 
  custom:container-muxer-webm: aa71ff27fc2769a1b78a27578f13a17b -> 
  custom:container-demuxer-webm: 4f35f7cbe854078d1ac9338744f61a02 -> 
  custom:container-demuxer-ogg: 62fdf1f143b41e24485cea50d1cbac27 -> 
  custom:video-encoder-webm-vp8: eb34c28f22e8b96e1ab97ce403110664 -> 
  custom:video-codec-MediaFoundation-h265: 746d11721c4dcdbdad8f713fa42b33f4 -> 
  custom:video-decoder-webm-vp8: 9c59270c3fd7afecdb556c50c9e8de78 -> 
  custom:audio-decoder-ogg-vorbis: bf7c407c2cedff20999df2af8eb42d56 -> 
  custom:audio-encoder-webm-vorbis: bf7c407c2cedff20999df2af8eb42d56 -> 
========================================================================
Received Prepare
Refreshing native plugins compatible for Editor in 9.40 ms, found 5 plugins.
Preloading 2 native plugins for Editor in 0.08 ms.
Unloading 39 Unused Serialized files (Serialized files now loaded: 0)
System memory in use before: 47.7 MB.
System memory in use after: 47.9 MB.

Unloading 39 unused Assets to reduce memory usage. Loaded Objects now: 2516.
Total: 21.962900 ms (FindLiveObjects: 0.501800 ms CreateObjectMapping: 0.111000 ms MarkObjects: 20.849600 ms  DeleteObjects: 0.499200 ms)

AssetImportParameters requested are different than current active one (requested -> active):
  custom:framework-win-MediaFoundation: 216162199b28c13a410421893ffa2e32 -> 
  custom:video-decoder-ogg-theora: a1e56fd34408186e4bbccfd4996cb3dc -> 
  custom:container-muxer-webm: aa71ff27fc2769a1b78a27578f13a17b -> 
  custom:container-demuxer-webm: 4f35f7cbe854078d1ac9338744f61a02 -> 
  custom:container-demuxer-ogg: 62fdf1f143b41e24485cea50d1cbac27 -> 
  custom:video-encoder-webm-vp8: eb34c28f22e8b96e1ab97ce403110664 -> 
  custom:video-codec-MediaFoundation-h265: 746d11721c4dcdbdad8f713fa42b33f4 -> 
  custom:video-decoder-webm-vp8: 9c59270c3fd7afecdb556c50c9e8de78 -> 
  custom:audio-decoder-ogg-vorbis: bf7c407c2cedff20999df2af8eb42d56 -> 
  custom:audio-encoder-webm-vorbis: bf7c407c2cedff20999df2af8eb42d56 -> 
========================================================================
Received Prepare
Refreshing native plugins compatible for Editor in 13.80 ms, found 5 plugins.
Preloading 2 native plugins for Editor in 0.09 ms.
Unloading 39 Unused Serialized files (Serialized files now loaded: 0)
System memory in use before: 47.7 MB.
System memory in use after: 47.9 MB.

Unloading 39 unused Assets to reduce memory usage. Loaded Objects now: 2516.
Total: 34.620200 ms (FindLiveObjects: 0.583500 ms CreateObjectMapping: 0.135300 ms MarkObjects: 33.417400 ms  DeleteObjects: 0.482500 ms)

AssetImportParameters requested are different than current active one (requested -> active):
  custom:framework-win-MediaFoundation: 216162199b28c13a410421893ffa2e32 -> 
  custom:video-decoder-ogg-theora: a1e56fd34408186e4bbccfd4996cb3dc -> 
  custom:container-muxer-webm: aa71ff27fc2769a1b78a27578f13a17b -> 
  custom:container-demuxer-webm: 4f35f7cbe854078d1ac9338744f61a02 -> 
  custom:container-demuxer-ogg: 62fdf1f143b41e24485cea50d1cbac27 -> 
  custom:video-encoder-webm-vp8: eb34c28f22e8b96e1ab97ce403110664 -> 
  custom:video-codec-MediaFoundation-h265: 746d11721c4dcdbdad8f713fa42b33f4 -> 
  custom:video-decoder-webm-vp8: 9c59270c3fd7afecdb556c50c9e8de78 -> 
  custom:audio-decoder-ogg-vorbis: bf7c407c2cedff20999df2af8eb42d56 -> 
  custom:audio-encoder-webm-vorbis: bf7c407c2cedff20999df2af8eb42d56 -> 
========================================================================
Received Prepare
Refreshing native plugins compatible for Editor in 12.06 ms, found 5 plugins.
Preloading 2 native plugins for Editor in 0.06 ms.
Unloading 39 Unused Serialized files (Serialized files now loaded: 0)
System memory in use before: 47.7 MB.
System memory in use after: 47.9 MB.

Unloading 39 unused Assets to reduce memory usage. Loaded Objects now: 2516.
Total: 5.772900 ms (FindLiveObjects: 0.499100 ms CreateObjectMapping: 0.202700 ms MarkObjects: 4.965400 ms  DeleteObjects: 0.103900 ms)

AssetImportParameters requested are different than current active one (requested -> active):
  custom:framework-win-MediaFoundation: 216162199b28c13a410421893ffa2e32 -> 
  custom:video-decoder-ogg-theora: a1e56fd34408186e4bbccfd4996cb3dc -> 
  custom:container-muxer-webm: aa71ff27fc2769a1b78a27578f13a17b -> 
  custom:container-demuxer-webm: 4f35f7cbe854078d1ac9338744f61a02 -> 
  custom:container-demuxer-ogg: 62fdf1f143b41e24485cea50d1cbac27 -> 
  custom:video-encoder-webm-vp8: eb34c28f22e8b96e1ab97ce403110664 -> 
  custom:video-codec-MediaFoundation-h265: 746d11721c4dcdbdad8f713fa42b33f4 -> 
  custom:video-decoder-webm-vp8: 9c59270c3fd7afecdb556c50c9e8de78 -> 
  custom:audio-decoder-ogg-vorbis: bf7c407c2cedff20999df2af8eb42d56 -> 
  custom:audio-encoder-webm-vorbis: bf7c407c2cedff20999df2af8eb42d56 -> 
AssetImportWorkerClient::OnTransportError - code=2 error=End of file
